# JRE version: OpenJDK Runtime Environment Homebrew (17.0.9) (build 17.0.9+0)
# Java VM: OpenJDK 64-Bit Server VM Homebrew (17.0.9+0, mixed mode, sharing, tiered, compressed oops, compressed class ptrs, g1 gc, bsd-aarch64)
GC Precious Log:
 CPUs: 12 total, 12 available
 Memory: 98304M
 Large Page Support: Disabled
 NUMA Support: Disabled
 Compressed Oops: Enabled (Non-zero based)
 Heap Region Size: 16M
 Heap Min Capacity: 16M
 Heap Initial Capacity: 1536M
 Heap Max Capacity: 24G
 Pre-touch: Disabled
 Parallel Workers: 10
 Concurrent Workers: 3
 Concurrent Refinement Workers: 10
 Periodic GC: Disabled
Heap:
 garbage-first heap   total 1064960K, used 477395K [0x0000000301000000, 0x0000000901000000)
  region size 16384K, 22 young (360448K), 1 survivors (16384K)
 Metaspace       used 48995K, committed 49344K, reserved 1114112K
  class space    used 6031K, committed 6208K, reserved 1048576K
GC Heap History (20 events):
Event: 50.991 GC heap before
{Heap before GC invocations=165 (full 0):
 garbage-first heap   total 1064960K, used 771867K [0x0000000301000000, 0x0000000901000000)
  region size 16384K, 39 young (638976K), 1 survivors (16384K)
 Metaspace       used 39454K, committed 39808K, reserved 1114112K
  class space    used 4892K, committed 5056K, reserved 1048576K
}
Event: 50.991 GC heap after
{Heap after GC invocations=166 (full 0):
 garbage-first heap   total 1064960K, used 149113K [0x0000000301000000, 0x0000000901000000)
  region size 16384K, 1 young (16384K), 1 survivors (16384K)
 Metaspace       used 39454K, committed 39808K, reserved 1114112K
  class space    used 4892K, committed 5056K, reserved 1048576K
}
Event: 51.317 GC heap before
{Heap before GC invocations=166 (full 0):
 garbage-first heap   total 1064960K, used 771705K [0x0000000301000000, 0x0000000901000000)
  region size 16384K, 39 young (638976K), 1 survivors (16384K)
 Metaspace       used 39462K, committed 39808K, reserved 1114112K
  class space    used 4892K, committed 5056K, reserved 1048576K
}
Event: 51.318 GC heap after
{Heap after GC invocations=167 (full 0):
 garbage-first heap   total 1064960K, used 149116K [0x0000000301000000, 0x0000000901000000)
  region size 16384K, 1 young (16384K), 1 survivors (16384K)
 Metaspace       used 39462K, committed 39808K, reserved 1114112K
  class space    used 4892K, committed 5056K, reserved 1048576K
}
Event: 51.647 GC heap before
{Heap before GC invocations=167 (full 0):
 garbage-first heap   total 1064960K, used 771708K [0x0000000301000000, 0x0000000901000000)
  region size 16384K, 39 young (638976K), 1 survivors (16384K)
 Metaspace       used 39462K, committed 39808K, reserved 1114112K
  class space    used 4892K, committed 5056K, reserved 1048576K
}
Event: 51.647 GC heap after
{Heap after GC invocations=168 (full 0):
 garbage-first heap   total 1064960K, used 149752K [0x0000000301000000, 0x0000000901000000)
  region size 16384K, 1 young (16384K), 1 survivors (16384K)
 Metaspace       used 39462K, committed 39808K, reserved 1114112K
  class space    used 4892K, committed 5056K, reserved 1048576K
}
Event: 51.975 GC heap before
{Heap before GC invocations=168 (full 0):
 garbage-first heap   total 1064960K, used 772344K [0x0000000301000000, 0x0000000901000000)
  region size 16384K, 39 young (638976K), 1 survivors (16384K)
 Metaspace       used 39462K, committed 39808K, reserved 1114112K
  class space    used 4892K, committed 5056K, reserved 1048576K
}
Event: 51.976 GC heap after
{Heap after GC invocations=169 (full 0):
 garbage-first heap   total 1064960K, used 149158K [0x0000000301000000, 0x0000000901000000)
  region size 16384K, 1 young (16384K), 1 survivors (16384K)
 Metaspace       used 39462K, committed 39808K, reserved 1114112K
  class space    used 4892K, committed 5056K, reserved 1048576K
}
Event: 52.304 GC heap before
{Heap before GC invocations=169 (full 0):
 garbage-first heap   total 1064960K, used 771750K [0x0000000301000000, 0x0000000901000000)
  region size 16384K, 39 young (638976K), 1 survivors (16384K)
 Metaspace       used 39462K, committed 39808K, reserved 1114112K
  class space    used 4892K, committed 5056K, reserved 1048576K
}
Event: 52.305 GC heap after
{Heap after GC invocations=170 (full 0):
 garbage-first heap   total 1064960K, used 148954K [0x0000000301000000, 0x0000000901000000)
  region size 16384K, 1 young (16384K), 1 survivors (16384K)
 Metaspace       used 39462K, committed 39808K, reserved 1114112K
  class space    used 4892K, committed 5056K, reserved 1048576K
}
Event: 52.628 GC heap before
{Heap before GC invocations=170 (full 0):
 garbage-first heap   total 1064960K, used 771546K [0x0000000301000000, 0x0000000901000000)
  region size 16384K, 39 young (638976K), 1 survivors (16384K)
 Metaspace       used 39462K, committed 39808K, reserved 1114112K
  class space    used 4892K, committed 5056K, reserved 1048576K
}
Event: 52.629 GC heap after
{Heap after GC invocations=171 (full 0):
 garbage-first heap   total 1064960K, used 149127K [0x0000000301000000, 0x0000000901000000)
  region size 16384K, 1 young (16384K), 1 survivors (16384K)
 Metaspace       used 39462K, committed 39808K, reserved 1114112K
  class space    used 4892K, committed 5056K, reserved 1048576K
}
Event: 52.963 GC heap before
{Heap before GC invocations=171 (full 0):
 garbage-first heap   total 1064960K, used 771719K [0x0000000301000000, 0x0000000901000000)
  region size 16384K, 39 young (638976K), 1 survivors (16384K)
 Metaspace       used 39462K, committed 39808K, reserved 1114112K
  class space    used 4892K, committed 5056K, reserved 1048576K
}
Event: 52.963 GC heap after
{Heap after GC invocations=172 (full 0):
 garbage-first heap   total 1064960K, used 149299K [0x0000000301000000, 0x0000000901000000)
  region size 16384K, 1 young (16384K), 1 survivors (16384K)
 Metaspace       used 39462K, committed 39808K, reserved 1114112K
  class space    used 4892K, committed 5056K, reserved 1048576K
}
Event: 53.287 GC heap before
{Heap before GC invocations=172 (full 0):
 garbage-first heap   total 1064960K, used 771891K [0x0000000301000000, 0x0000000901000000)
  region size 16384K, 39 young (638976K), 1 survivors (16384K)
 Metaspace       used 39462K, committed 39808K, reserved 1114112K
  class space    used 4892K, committed 5056K, reserved 1048576K
}
Event: 53.288 GC heap after
{Heap after GC invocations=173 (full 0):
 garbage-first heap   total 1064960K, used 149102K [0x0000000301000000, 0x0000000901000000)
  region size 16384K, 1 young (16384K), 1 survivors (16384K)
 Metaspace       used 39462K, committed 39808K, reserved 1114112K
  class space    used 4892K, committed 5056K, reserved 1048576K
}
Event: 53.614 GC heap before
{Heap before GC invocations=173 (full 0):
 garbage-first heap   total 1064960K, used 771694K [0x0000000301000000, 0x0000000901000000)
  region size 16384K, 39 young (638976K), 1 survivors (16384K)
 Metaspace       used 39463K, committed 39808K, reserved 1114112K
  class space    used 4892K, committed 5056K, reserved 1048576K
}
Event: 53.614 GC heap after
{Heap after GC invocations=174 (full 0):
 garbage-first heap   total 1064960K, used 149174K [0x0000000301000000, 0x0000000901000000)
  region size 16384K, 1 young (16384K), 1 survivors (16384K)
 Metaspace       used 39463K, committed 39808K, reserved 1114112K
  class space    used 4892K, committed 5056K, reserved 1048576K
}
Event: 53.947 GC heap before
{Heap before GC invocations=174 (full 0):
 garbage-first heap   total 1064960K, used 771766K [0x0000000301000000, 0x0000000901000000)
  region size 16384K, 39 young (638976K), 1 survivors (16384K)
 Metaspace       used 39463K, committed 39808K, reserved 1114112K
  class space    used 4892K, committed 5056K, reserved 1048576K
}
Event: 53.948 GC heap after
{Heap after GC invocations=175 (full 0):
 garbage-first heap   total 1064960K, used 149715K [0x0000000301000000, 0x0000000901000000)
  region size 16384K, 1 young (16384K), 1 survivors (16384K)
 Metaspace       used 39463K, committed 39808K, reserved 1114112K
  class space    used 4892K, committed 5056K, reserved 1048576K
}

