# JRE version: OpenJDK Runtime Environment Homebrew (17.0.9) (build 17.0.9+0)
# Java VM: OpenJDK 64-Bit Server VM Homebrew (17.0.9+0, mixed mode, sharing, tiered, compressed oops, compressed class ptrs, g1 gc, bsd-aarch64)
GC Precious Log:
 CPUs: 12 total, 12 available
 Memory: 98304M
 Large Page Support: Disabled
 NUMA Support: Disabled
 Compressed Oops: Enabled (Non-zero based)
 Heap Region Size: 16M
 Heap Min Capacity: 16M
 Heap Initial Capacity: 1536M
 Heap Max Capacity: 24G
 Pre-touch: Disabled
 Parallel Workers: 10
 Concurrent Workers: 3
 Concurrent Refinement Workers: 10
 Periodic GC: Disabled
Heap:
 garbage-first heap   total 720896K, used 332468K [0x0000000301000000, 0x0000000901000000)
  region size 16384K, 13 young (212992K), 1 survivors (16384K)
 Metaspace       used 48977K, committed 49344K, reserved 1114112K
  class space    used 6032K, committed 6208K, reserved 1048576K
GC Heap History (20 events):
Event: 55.623 GC heap before
{Heap before GC invocations=247 (full 0):
 garbage-first heap   total 720896K, used 545466K [0x0000000301000000, 0x0000000901000000)
  region size 16384K, 26 young (425984K), 1 survivors (16384K)
 Metaspace       used 39441K, committed 39808K, reserved 1114112K
  class space    used 4892K, committed 5056K, reserved 1048576K
}
Event: 55.624 GC heap after
{Heap after GC invocations=248 (full 0):
 garbage-first heap   total 720896K, used 152201K [0x0000000301000000, 0x0000000901000000)
  region size 16384K, 1 young (16384K), 1 survivors (16384K)
 Metaspace       used 39441K, committed 39808K, reserved 1114112K
  class space    used 4892K, committed 5056K, reserved 1048576K
}
Event: 55.852 GC heap before
{Heap before GC invocations=248 (full 0):
 garbage-first heap   total 720896K, used 561801K [0x0000000301000000, 0x0000000901000000)
  region size 16384K, 26 young (425984K), 1 survivors (16384K)
 Metaspace       used 39441K, committed 39808K, reserved 1114112K
  class space    used 4892K, committed 5056K, reserved 1048576K
}
Event: 55.853 GC heap after
{Heap after GC invocations=249 (full 0):
 garbage-first heap   total 720896K, used 152245K [0x0000000301000000, 0x0000000901000000)
  region size 16384K, 1 young (16384K), 1 survivors (16384K)
 Metaspace       used 39441K, committed 39808K, reserved 1114112K
  class space    used 4892K, committed 5056K, reserved 1048576K
}
Event: 56.079 GC heap before
{Heap before GC invocations=249 (full 0):
 garbage-first heap   total 720896K, used 561845K [0x0000000301000000, 0x0000000901000000)
  region size 16384K, 26 young (425984K), 1 survivors (16384K)
 Metaspace       used 39441K, committed 39808K, reserved 1114112K
  class space    used 4892K, committed 5056K, reserved 1048576K
}
Event: 56.079 GC heap after
{Heap after GC invocations=250 (full 0):
 garbage-first heap   total 720896K, used 152118K [0x0000000301000000, 0x0000000901000000)
  region size 16384K, 1 young (16384K), 1 survivors (16384K)
 Metaspace       used 39441K, committed 39808K, reserved 1114112K
  class space    used 4892K, committed 5056K, reserved 1048576K
}
Event: 56.308 GC heap before
{Heap before GC invocations=250 (full 0):
 garbage-first heap   total 720896K, used 561718K [0x0000000301000000, 0x0000000901000000)
  region size 16384K, 26 young (425984K), 1 survivors (16384K)
 Metaspace       used 39441K, committed 39808K, reserved 1114112K
  class space    used 4892K, committed 5056K, reserved 1048576K
}
Event: 56.309 GC heap after
{Heap after GC invocations=251 (full 0):
 garbage-first heap   total 720896K, used 152242K [0x0000000301000000, 0x0000000901000000)
  region size 16384K, 1 young (16384K), 1 survivors (16384K)
 Metaspace       used 39441K, committed 39808K, reserved 1114112K
  class space    used 4892K, committed 5056K, reserved 1048576K
}
Event: 56.538 GC heap before
{Heap before GC invocations=251 (full 0):
 garbage-first heap   total 720896K, used 561842K [0x0000000301000000, 0x0000000901000000)
  region size 16384K, 26 young (425984K), 1 survivors (16384K)
 Metaspace       used 39441K, committed 39808K, reserved 1114112K
  class space    used 4892K, committed 5056K, reserved 1048576K
}
Event: 56.538 GC heap after
{Heap after GC invocations=252 (full 0):
 garbage-first heap   total 720896K, used 153212K [0x0000000301000000, 0x0000000901000000)
  region size 16384K, 1 young (16384K), 1 survivors (16384K)
 Metaspace       used 39441K, committed 39808K, reserved 1114112K
  class space    used 4892K, committed 5056K, reserved 1048576K
}
Event: 56.768 GC heap before
{Heap before GC invocations=252 (full 0):
 garbage-first heap   total 720896K, used 546428K [0x0000000301000000, 0x0000000901000000)
  region size 16384K, 26 young (425984K), 1 survivors (16384K)
 Metaspace       used 39441K, committed 39808K, reserved 1114112K
  class space    used 4892K, committed 5056K, reserved 1048576K
}
Event: 56.768 GC heap after
{Heap after GC invocations=253 (full 0):
 garbage-first heap   total 720896K, used 152779K [0x0000000301000000, 0x0000000901000000)
  region size 16384K, 1 young (16384K), 1 survivors (16384K)
 Metaspace       used 39441K, committed 39808K, reserved 1114112K
  class space    used 4892K, committed 5056K, reserved 1048576K
}
Event: 56.991 GC heap before
{Heap before GC invocations=253 (full 0):
 garbage-first heap   total 720896K, used 562379K [0x0000000301000000, 0x0000000901000000)
  region size 16384K, 26 young (425984K), 1 survivors (16384K)
 Metaspace       used 39442K, committed 39808K, reserved 1114112K
  class space    used 4892K, committed 5056K, reserved 1048576K
}
Event: 56.991 GC heap after
{Heap after GC invocations=254 (full 0):
 garbage-first heap   total 720896K, used 152938K [0x0000000301000000, 0x0000000901000000)
  region size 16384K, 1 young (16384K), 1 survivors (16384K)
 Metaspace       used 39442K, committed 39808K, reserved 1114112K
  class space    used 4892K, committed 5056K, reserved 1048576K
}
Event: 57.218 GC heap before
{Heap before GC invocations=254 (full 0):
 garbage-first heap   total 720896K, used 562538K [0x0000000301000000, 0x0000000901000000)
  region size 16384K, 26 young (425984K), 1 survivors (16384K)
 Metaspace       used 39442K, committed 39808K, reserved 1114112K
  class space    used 4892K, committed 5056K, reserved 1048576K
}
Event: 57.219 GC heap after
{Heap after GC invocations=255 (full 0):
 garbage-first heap   total 720896K, used 152306K [0x0000000301000000, 0x0000000901000000)
  region size 16384K, 1 young (16384K), 1 survivors (16384K)
 Metaspace       used 39442K, committed 39808K, reserved 1114112K
  class space    used 4892K, committed 5056K, reserved 1048576K
}
Event: 57.448 GC heap before
{Heap before GC invocations=255 (full 0):
 garbage-first heap   total 720896K, used 561906K [0x0000000301000000, 0x0000000901000000)
  region size 16384K, 26 young (425984K), 1 survivors (16384K)
 Metaspace       used 39442K, committed 39808K, reserved 1114112K
  class space    used 4892K, committed 5056K, reserved 1048576K
}
Event: 57.449 GC heap after
{Heap after GC invocations=256 (full 0):
 garbage-first heap   total 720896K, used 152241K [0x0000000301000000, 0x0000000901000000)
  region size 16384K, 1 young (16384K), 1 survivors (16384K)
 Metaspace       used 39442K, committed 39808K, reserved 1114112K
  class space    used 4892K, committed 5056K, reserved 1048576K
}
Event: 57.676 GC heap before
{Heap before GC invocations=256 (full 0):
 garbage-first heap   total 720896K, used 561841K [0x0000000301000000, 0x0000000901000000)
  region size 16384K, 26 young (425984K), 1 survivors (16384K)
 Metaspace       used 39442K, committed 39808K, reserved 1114112K
  class space    used 4892K, committed 5056K, reserved 1048576K
}
Event: 57.677 GC heap after
{Heap after GC invocations=257 (full 0):
 garbage-first heap   total 720896K, used 152244K [0x0000000301000000, 0x0000000901000000)
  region size 16384K, 1 young (16384K), 1 survivors (16384K)
 Metaspace       used 39442K, committed 39808K, reserved 1114112K
  class space    used 4892K, committed 5056K, reserved 1048576K
}

