# JRE version: OpenJDK Runtime Environment Homebrew (17.0.9) (build 17.0.9+0)
# Java VM: OpenJDK 64-Bit Server VM Homebrew (17.0.9+0, mixed mode, sharing, tiered, compressed oops, compressed class ptrs, g1 gc, bsd-aarch64)
GC Precious Log:
 CPUs: 12 total, 12 available
 Memory: 98304M
 Large Page Support: Disabled
 NUMA Support: Disabled
 Compressed Oops: Enabled (Non-zero based)
 Heap Region Size: 16M
 Heap Min Capacity: 16M
 Heap Initial Capacity: 1536M
 Heap Max Capacity: 24G
 Pre-touch: Disabled
 Parallel Workers: 10
 Concurrent Workers: 3
 Concurrent Refinement Workers: 10
 Periodic GC: Disabled
Heap:
 garbage-first heap   total 933888K, used 444814K [0x0000000301000000, 0x0000000901000000)
  region size 16384K, 20 young (327680K), 1 survivors (16384K)
 Metaspace       used 49003K, committed 49408K, reserved 1114112K
  class space    used 6027K, committed 6208K, reserved 1048576K
GC Heap History (20 events):
Event: 53.509 GC heap before
{Heap before GC invocations=185 (full 0):
 garbage-first heap   total 933888K, used 689988K [0x0000000301000000, 0x0000000901000000)
  region size 16384K, 34 young (557056K), 1 survivors (16384K)
 Metaspace       used 39458K, committed 39872K, reserved 1114112K
  class space    used 4887K, committed 5056K, reserved 1048576K
}
Event: 53.510 GC heap after
{Heap after GC invocations=186 (full 0):
 garbage-first heap   total 933888K, used 149862K [0x0000000301000000, 0x0000000901000000)
  region size 16384K, 1 young (16384K), 1 survivors (16384K)
 Metaspace       used 39458K, committed 39872K, reserved 1114112K
  class space    used 4887K, committed 5056K, reserved 1048576K
}
Event: 53.798 GC heap before
{Heap before GC invocations=186 (full 0):
 garbage-first heap   total 933888K, used 690534K [0x0000000301000000, 0x0000000901000000)
  region size 16384K, 34 young (557056K), 1 survivors (16384K)
 Metaspace       used 39458K, committed 39872K, reserved 1114112K
  class space    used 4887K, committed 5056K, reserved 1048576K
}
Event: 53.799 GC heap after
{Heap after GC invocations=187 (full 0):
 garbage-first heap   total 933888K, used 149136K [0x0000000301000000, 0x0000000901000000)
  region size 16384K, 1 young (16384K), 1 survivors (16384K)
 Metaspace       used 39458K, committed 39872K, reserved 1114112K
  class space    used 4887K, committed 5056K, reserved 1048576K
}
Event: 54.092 GC heap before
{Heap before GC invocations=187 (full 0):
 garbage-first heap   total 933888K, used 689808K [0x0000000301000000, 0x0000000901000000)
  region size 16384K, 34 young (557056K), 1 survivors (16384K)
 Metaspace       used 39458K, committed 39872K, reserved 1114112K
  class space    used 4887K, committed 5056K, reserved 1048576K
}
Event: 54.092 GC heap after
{Heap after GC invocations=188 (full 0):
 garbage-first heap   total 933888K, used 149197K [0x0000000301000000, 0x0000000901000000)
  region size 16384K, 1 young (16384K), 1 survivors (16384K)
 Metaspace       used 39458K, committed 39872K, reserved 1114112K
  class space    used 4887K, committed 5056K, reserved 1048576K
}
Event: 54.384 GC heap before
{Heap before GC invocations=188 (full 0):
 garbage-first heap   total 933888K, used 689869K [0x0000000301000000, 0x0000000901000000)
  region size 16384K, 34 young (557056K), 1 survivors (16384K)
 Metaspace       used 39458K, committed 39872K, reserved 1114112K
  class space    used 4887K, committed 5056K, reserved 1048576K
}
Event: 54.385 GC heap after
{Heap after GC invocations=189 (full 0):
 garbage-first heap   total 933888K, used 149170K [0x0000000301000000, 0x0000000901000000)
  region size 16384K, 1 young (16384K), 1 survivors (16384K)
 Metaspace       used 39458K, committed 39872K, reserved 1114112K
  class space    used 4887K, committed 5056K, reserved 1048576K
}
Event: 54.675 GC heap before
{Heap before GC invocations=189 (full 0):
 garbage-first heap   total 933888K, used 689842K [0x0000000301000000, 0x0000000901000000)
  region size 16384K, 34 young (557056K), 1 survivors (16384K)
 Metaspace       used 39458K, committed 39872K, reserved 1114112K
  class space    used 4887K, committed 5056K, reserved 1048576K
}
Event: 54.676 GC heap after
{Heap after GC invocations=190 (full 0):
 garbage-first heap   total 933888K, used 149137K [0x0000000301000000, 0x0000000901000000)
  region size 16384K, 1 young (16384K), 1 survivors (16384K)
 Metaspace       used 39458K, committed 39872K, reserved 1114112K
  class space    used 4887K, committed 5056K, reserved 1048576K
}
Event: 54.966 GC heap before
{Heap before GC invocations=190 (full 0):
 garbage-first heap   total 933888K, used 689809K [0x0000000301000000, 0x0000000901000000)
  region size 16384K, 34 young (557056K), 1 survivors (16384K)
 Metaspace       used 39458K, committed 39872K, reserved 1114112K
  class space    used 4887K, committed 5056K, reserved 1048576K
}
Event: 54.967 GC heap after
{Heap after GC invocations=191 (full 0):
 garbage-first heap   total 933888K, used 149087K [0x0000000301000000, 0x0000000901000000)
  region size 16384K, 1 young (16384K), 1 survivors (16384K)
 Metaspace       used 39458K, committed 39872K, reserved 1114112K
  class space    used 4887K, committed 5056K, reserved 1048576K
}
Event: 55.264 GC heap before
{Heap before GC invocations=191 (full 0):
 garbage-first heap   total 933888K, used 689759K [0x0000000301000000, 0x0000000901000000)
  region size 16384K, 34 young (557056K), 1 survivors (16384K)
 Metaspace       used 39458K, committed 39872K, reserved 1114112K
  class space    used 4887K, committed 5056K, reserved 1048576K
}
Event: 55.264 GC heap after
{Heap after GC invocations=192 (full 0):
 garbage-first heap   total 933888K, used 149197K [0x0000000301000000, 0x0000000901000000)
  region size 16384K, 1 young (16384K), 1 survivors (16384K)
 Metaspace       used 39458K, committed 39872K, reserved 1114112K
  class space    used 4887K, committed 5056K, reserved 1048576K
}
Event: 55.552 GC heap before
{Heap before GC invocations=192 (full 0):
 garbage-first heap   total 933888K, used 689869K [0x0000000301000000, 0x0000000901000000)
  region size 16384K, 34 young (557056K), 1 survivors (16384K)
 Metaspace       used 39458K, committed 39872K, reserved 1114112K
  class space    used 4887K, committed 5056K, reserved 1048576K
}
Event: 55.553 GC heap after
{Heap after GC invocations=193 (full 0):
 garbage-first heap   total 933888K, used 149232K [0x0000000301000000, 0x0000000901000000)
  region size 16384K, 1 young (16384K), 1 survivors (16384K)
 Metaspace       used 39458K, committed 39872K, reserved 1114112K
  class space    used 4887K, committed 5056K, reserved 1048576K
}
Event: 55.845 GC heap before
{Heap before GC invocations=193 (full 0):
 garbage-first heap   total 933888K, used 689904K [0x0000000301000000, 0x0000000901000000)
  region size 16384K, 34 young (557056K), 1 survivors (16384K)
 Metaspace       used 39458K, committed 39872K, reserved 1114112K
  class space    used 4887K, committed 5056K, reserved 1048576K
}
Event: 55.846 GC heap after
{Heap after GC invocations=194 (full 0):
 garbage-first heap   total 933888K, used 149129K [0x0000000301000000, 0x0000000901000000)
  region size 16384K, 1 young (16384K), 1 survivors (16384K)
 Metaspace       used 39458K, committed 39872K, reserved 1114112K
  class space    used 4887K, committed 5056K, reserved 1048576K
}
Event: 56.137 GC heap before
{Heap before GC invocations=194 (full 0):
 garbage-first heap   total 933888K, used 689801K [0x0000000301000000, 0x0000000901000000)
  region size 16384K, 34 young (557056K), 1 survivors (16384K)
 Metaspace       used 39458K, committed 39872K, reserved 1114112K
  class space    used 4887K, committed 5056K, reserved 1048576K
}
Event: 56.138 GC heap after
{Heap after GC invocations=195 (full 0):
 garbage-first heap   total 933888K, used 149902K [0x0000000301000000, 0x0000000901000000)
  region size 16384K, 1 young (16384K), 1 survivors (16384K)
 Metaspace       used 39458K, committed 39872K, reserved 1114112K
  class space    used 4887K, committed 5056K, reserved 1048576K
}

