# JRE version: OpenJDK Runtime Environment Homebrew (17.0.9) (build 17.0.9+0)
# Java VM: OpenJDK 64-Bit Server VM Homebrew (17.0.9+0, mixed mode, sharing, tiered, compressed oops, compressed class ptrs, g1 gc, bsd-aarch64)
GC Precious Log:
 CPUs: 12 total, 12 available
 Memory: 98304M
 Large Page Support: Disabled
 NUMA Support: Disabled
 Compressed Oops: Enabled (Non-zero based)
 Heap Region Size: 16M
 Heap Min Capacity: 16M
 Heap Initial Capacity: 1536M
 Heap Max Capacity: 24G
 Pre-touch: Disabled
 Parallel Workers: 10
 Concurrent Workers: 3
 Concurrent Refinement Workers: 10
 Periodic GC: Disabled
Heap:
 garbage-first heap   total 933888K, used 378779K [0x0000000301000000, 0x0000000901000000)
  region size 16384K, 16 young (262144K), 1 survivors (16384K)
 Metaspace       used 49013K, committed 49408K, reserved 1114112K
  class space    used 6033K, committed 6208K, reserved 1048576K
GC Heap History (20 events):
Event: 53.146 GC heap before
{Heap before GC invocations=186 (full 0):
 garbage-first heap   total 933888K, used 690173K [0x0000000301000000, 0x0000000901000000)
  region size 16384K, 34 young (557056K), 1 survivors (16384K)
 Metaspace       used 39457K, committed 39872K, reserved 1114112K
  class space    used 4892K, committed 5056K, reserved 1048576K
}
Event: 53.147 GC heap after
{Heap after GC invocations=187 (full 0):
 garbage-first heap   total 933888K, used 150047K [0x0000000301000000, 0x0000000901000000)
  region size 16384K, 1 young (16384K), 1 survivors (16384K)
 Metaspace       used 39457K, committed 39872K, reserved 1114112K
  class space    used 4892K, committed 5056K, reserved 1048576K
}
Event: 53.437 GC heap before
{Heap before GC invocations=187 (full 0):
 garbage-first heap   total 933888K, used 690719K [0x0000000301000000, 0x0000000901000000)
  region size 16384K, 34 young (557056K), 1 survivors (16384K)
 Metaspace       used 39457K, committed 39872K, reserved 1114112K
  class space    used 4892K, committed 5056K, reserved 1048576K
}
Event: 53.438 GC heap after
{Heap after GC invocations=188 (full 0):
 garbage-first heap   total 933888K, used 149472K [0x0000000301000000, 0x0000000901000000)
  region size 16384K, 1 young (16384K), 1 survivors (16384K)
 Metaspace       used 39457K, committed 39872K, reserved 1114112K
  class space    used 4892K, committed 5056K, reserved 1048576K
}
Event: 53.728 GC heap before
{Heap before GC invocations=188 (full 0):
 garbage-first heap   total 933888K, used 690144K [0x0000000301000000, 0x0000000901000000)
  region size 16384K, 34 young (557056K), 1 survivors (16384K)
 Metaspace       used 39457K, committed 39872K, reserved 1114112K
  class space    used 4892K, committed 5056K, reserved 1048576K
}
Event: 53.729 GC heap after
{Heap after GC invocations=189 (full 0):
 garbage-first heap   total 933888K, used 150009K [0x0000000301000000, 0x0000000901000000)
  region size 16384K, 1 young (16384K), 1 survivors (16384K)
 Metaspace       used 39457K, committed 39872K, reserved 1114112K
  class space    used 4892K, committed 5056K, reserved 1048576K
}
Event: 54.015 GC heap before
{Heap before GC invocations=189 (full 0):
 garbage-first heap   total 933888K, used 690681K [0x0000000301000000, 0x0000000901000000)
  region size 16384K, 34 young (557056K), 1 survivors (16384K)
 Metaspace       used 39457K, committed 39872K, reserved 1114112K
  class space    used 4892K, committed 5056K, reserved 1048576K
}
Event: 54.016 GC heap after
{Heap after GC invocations=190 (full 0):
 garbage-first heap   total 933888K, used 149514K [0x0000000301000000, 0x0000000901000000)
  region size 16384K, 1 young (16384K), 1 survivors (16384K)
 Metaspace       used 39457K, committed 39872K, reserved 1114112K
  class space    used 4892K, committed 5056K, reserved 1048576K
}
Event: 54.308 GC heap before
{Heap before GC invocations=190 (full 0):
 garbage-first heap   total 933888K, used 690186K [0x0000000301000000, 0x0000000901000000)
  region size 16384K, 34 young (557056K), 1 survivors (16384K)
 Metaspace       used 39457K, committed 39872K, reserved 1114112K
  class space    used 4892K, committed 5056K, reserved 1048576K
}
Event: 54.309 GC heap after
{Heap after GC invocations=191 (full 0):
 garbage-first heap   total 933888K, used 149954K [0x0000000301000000, 0x0000000901000000)
  region size 16384K, 1 young (16384K), 1 survivors (16384K)
 Metaspace       used 39457K, committed 39872K, reserved 1114112K
  class space    used 4892K, committed 5056K, reserved 1048576K
}
Event: 54.594 GC heap before
{Heap before GC invocations=191 (full 0):
 garbage-first heap   total 933888K, used 690626K [0x0000000301000000, 0x0000000901000000)
  region size 16384K, 34 young (557056K), 1 survivors (16384K)
 Metaspace       used 39457K, committed 39872K, reserved 1114112K
  class space    used 4892K, committed 5056K, reserved 1048576K
}
Event: 54.595 GC heap after
{Heap after GC invocations=192 (full 0):
 garbage-first heap   total 933888K, used 149386K [0x0000000301000000, 0x0000000901000000)
  region size 16384K, 1 young (16384K), 1 survivors (16384K)
 Metaspace       used 39457K, committed 39872K, reserved 1114112K
  class space    used 4892K, committed 5056K, reserved 1048576K
}
Event: 54.889 GC heap before
{Heap before GC invocations=192 (full 0):
 garbage-first heap   total 933888K, used 690058K [0x0000000301000000, 0x0000000901000000)
  region size 16384K, 34 young (557056K), 1 survivors (16384K)
 Metaspace       used 39457K, committed 39872K, reserved 1114112K
  class space    used 4892K, committed 5056K, reserved 1048576K
}
Event: 54.890 GC heap after
{Heap after GC invocations=193 (full 0):
 garbage-first heap   total 933888K, used 149613K [0x0000000301000000, 0x0000000901000000)
  region size 16384K, 1 young (16384K), 1 survivors (16384K)
 Metaspace       used 39457K, committed 39872K, reserved 1114112K
  class space    used 4892K, committed 5056K, reserved 1048576K
}
Event: 55.172 GC heap before
{Heap before GC invocations=193 (full 0):
 garbage-first heap   total 933888K, used 690285K [0x0000000301000000, 0x0000000901000000)
  region size 16384K, 34 young (557056K), 1 survivors (16384K)
 Metaspace       used 39458K, committed 39872K, reserved 1114112K
  class space    used 4892K, committed 5056K, reserved 1048576K
}
Event: 55.173 GC heap after
{Heap after GC invocations=194 (full 0):
 garbage-first heap   total 933888K, used 149482K [0x0000000301000000, 0x0000000901000000)
  region size 16384K, 1 young (16384K), 1 survivors (16384K)
 Metaspace       used 39458K, committed 39872K, reserved 1114112K
  class space    used 4892K, committed 5056K, reserved 1048576K
}
Event: 55.466 GC heap before
{Heap before GC invocations=194 (full 0):
 garbage-first heap   total 933888K, used 690154K [0x0000000301000000, 0x0000000901000000)
  region size 16384K, 34 young (557056K), 1 survivors (16384K)
 Metaspace       used 39458K, committed 39872K, reserved 1114112K
  class space    used 4892K, committed 5056K, reserved 1048576K
}
Event: 55.467 GC heap after
{Heap after GC invocations=195 (full 0):
 garbage-first heap   total 933888K, used 150372K [0x0000000301000000, 0x0000000901000000)
  region size 16384K, 1 young (16384K), 1 survivors (16384K)
 Metaspace       used 39458K, committed 39872K, reserved 1114112K
  class space    used 4892K, committed 5056K, reserved 1048576K
}
Event: 55.753 GC heap before
{Heap before GC invocations=195 (full 0):
 garbage-first heap   total 933888K, used 691044K [0x0000000301000000, 0x0000000901000000)
  region size 16384K, 34 young (557056K), 1 survivors (16384K)
 Metaspace       used 39458K, committed 39872K, reserved 1114112K
  class space    used 4892K, committed 5056K, reserved 1048576K
}
Event: 55.754 GC heap after
{Heap after GC invocations=196 (full 0):
 garbage-first heap   total 933888K, used 149403K [0x0000000301000000, 0x0000000901000000)
  region size 16384K, 1 young (16384K), 1 survivors (16384K)
 Metaspace       used 39458K, committed 39872K, reserved 1114112K
  class space    used 4892K, committed 5056K, reserved 1048576K
}

